<?xml version="1.0" encoding="UTF-8"?>
<testsuite xmlns:xsi="http://www.w3.org/2001/XMLSchema-instance" xsi:noNamespaceSchemaLocation="https://maven.apache.org/surefire/maven-surefire-plugin/xsd/surefire-test-report.xsd" name="com.example.boot.reactive.reactiveSpringBootDemo.ReactiveSpringBootDemoApplicationTests" time="12.511" tests="1" errors="0" skipped="0" failures="0">
  <properties>
    <property name="sun.desktop" value="windows"/>
    <property name="awt.toolkit" value="sun.awt.windows.WToolkit"/>
    <property name="file.encoding.pkg" value="sun.io"/>
    <property name="java.specification.version" value="1.8"/>
    <property name="sun.cpu.isalist" value="amd64"/>
    <property name="sun.jnu.encoding" value="Cp1252"/>
    <property name="java.class.path" value="C:\Code\SpringBoot\reactiveSpringBootDemo\target\test-classes;C:\Code\SpringBoot\reactiveSpringBootDemo\target\classes;C:\Users\qadrizvi\.m2\repository\org\springframework\boot\spring-boot-starter-data-cassandra-reactive\2.1.2.RELEASE\spring-boot-starter-data-cassandra-reactive-2.1.2.RELEASE.jar;C:\Users\qadrizvi\.m2\repository\org\springframework\boot\spring-boot-starter\2.1.2.RELEASE\spring-boot-starter-2.1.2.RELEASE.jar;C:\Users\qadrizvi\.m2\repository\org\springframework\boot\spring-boot\2.1.2.RELEASE\spring-boot-2.1.2.RELEASE.jar;C:\Users\qadrizvi\.m2\repository\org\springframework\boot\spring-boot-starter-logging\2.1.2.RELEASE\spring-boot-starter-logging-2.1.2.RELEASE.jar;C:\Users\qadrizvi\.m2\repository\ch\qos\logback\logback-classic\1.2.3\logback-classic-1.2.3.jar;C:\Users\qadrizvi\.m2\repository\ch\qos\logback\logback-core\1.2.3\logback-core-1.2.3.jar;C:\Users\qadrizvi\.m2\repository\org\apache\logging\log4j\log4j-to-slf4j\2.11.1\log4j-to-slf4j-2.11.1.jar;C:\Users\qadrizvi\.m2\repository\org\apache\logging\log4j\log4j-api\2.11.1\log4j-api-2.11.1.jar;C:\Users\qadrizvi\.m2\repository\org\slf4j\jul-to-slf4j\1.7.25\jul-to-slf4j-1.7.25.jar;C:\Users\qadrizvi\.m2\repository\javax\annotation\javax.annotation-api\1.3.2\javax.annotation-api-1.3.2.jar;C:\Users\qadrizvi\.m2\repository\org\yaml\snakeyaml\1.23\snakeyaml-1.23.jar;C:\Users\qadrizvi\.m2\repository\org\springframework\spring-tx\5.1.4.RELEASE\spring-tx-5.1.4.RELEASE.jar;C:\Users\qadrizvi\.m2\repository\org\springframework\spring-beans\5.1.4.RELEASE\spring-beans-5.1.4.RELEASE.jar;C:\Users\qadrizvi\.m2\repository\org\springframework\data\spring-data-cassandra\2.1.4.RELEASE\spring-data-cassandra-2.1.4.RELEASE.jar;C:\Users\qadrizvi\.m2\repository\org\springframework\spring-context\5.1.4.RELEASE\spring-context-5.1.4.RELEASE.jar;C:\Users\qadrizvi\.m2\repository\org\springframework\spring-aop\5.1.4.RELEASE\spring-aop-5.1.4.RELEASE.jar;C:\Users\qadrizvi\.m2\repository\org\springframework\spring-expression\5.1.4.RELEASE\spring-expression-5.1.4.RELEASE.jar;C:\Users\qadrizvi\.m2\repository\org\springframework\data\spring-data-commons\2.1.4.RELEASE\spring-data-commons-2.1.4.RELEASE.jar;C:\Users\qadrizvi\.m2\repository\com\datastax\cassandra\cassandra-driver-core\3.6.0\cassandra-driver-core-3.6.0.jar;C:\Users\qadrizvi\.m2\repository\io\netty\netty-handler\4.1.31.Final\netty-handler-4.1.31.Final.jar;C:\Users\qadrizvi\.m2\repository\io\netty\netty-buffer\4.1.31.Final\netty-buffer-4.1.31.Final.jar;C:\Users\qadrizvi\.m2\repository\io\netty\netty-codec\4.1.31.Final\netty-codec-4.1.31.Final.jar;C:\Users\qadrizvi\.m2\repository\com\google\guava\guava\19.0\guava-19.0.jar;C:\Users\qadrizvi\.m2\repository\io\dropwizard\metrics\metrics-core\4.0.5\metrics-core-4.0.5.jar;C:\Users\qadrizvi\.m2\repository\com\github\jnr\jnr-ffi\2.1.7\jnr-ffi-2.1.7.jar;C:\Users\qadrizvi\.m2\repository\com\github\jnr\jffi\1.2.16\jffi-1.2.16.jar;C:\Users\qadrizvi\.m2\repository\com\github\jnr\jffi\1.2.16\jffi-1.2.16-native.jar;C:\Users\qadrizvi\.m2\repository\org\ow2\asm\asm\5.0.3\asm-5.0.3.jar;C:\Users\qadrizvi\.m2\repository\org\ow2\asm\asm-commons\5.0.3\asm-commons-5.0.3.jar;C:\Users\qadrizvi\.m2\repository\org\ow2\asm\asm-analysis\5.0.3\asm-analysis-5.0.3.jar;C:\Users\qadrizvi\.m2\repository\org\ow2\asm\asm-tree\5.0.3\asm-tree-5.0.3.jar;C:\Users\qadrizvi\.m2\repository\org\ow2\asm\asm-util\5.0.3\asm-util-5.0.3.jar;C:\Users\qadrizvi\.m2\repository\com\github\jnr\jnr-x86asm\1.0.2\jnr-x86asm-1.0.2.jar;C:\Users\qadrizvi\.m2\repository\com\github\jnr\jnr-posix\3.0.44\jnr-posix-3.0.44.jar;C:\Users\qadrizvi\.m2\repository\com\github\jnr\jnr-constants\0.9.9\jnr-constants-0.9.9.jar;C:\Users\qadrizvi\.m2\repository\org\slf4j\slf4j-api\1.7.25\slf4j-api-1.7.25.jar;C:\Users\qadrizvi\.m2\repository\io\projectreactor\reactor-core\3.2.5.RELEASE\reactor-core-3.2.5.RELEASE.jar;C:\Users\qadrizvi\.m2\repository\org\reactivestreams\reactive-streams\1.0.2\reactive-streams-1.0.2.jar;C:\Users\qadrizvi\.m2\repository\org\springframework\boot\spring-boot-starter-data-redis-reactive\2.1.2.RELEASE\spring-boot-starter-data-redis-reactive-2.1.2.RELEASE.jar;C:\Users\qadrizvi\.m2\repository\org\springframework\boot\spring-boot-starter-data-redis\2.1.2.RELEASE\spring-boot-starter-data-redis-2.1.2.RELEASE.jar;C:\Users\qadrizvi\.m2\repository\org\springframework\data\spring-data-redis\2.1.4.RELEASE\spring-data-redis-2.1.4.RELEASE.jar;C:\Users\qadrizvi\.m2\repository\org\springframework\data\spring-data-keyvalue\2.1.4.RELEASE\spring-data-keyvalue-2.1.4.RELEASE.jar;C:\Users\qadrizvi\.m2\repository\org\springframework\spring-oxm\5.1.4.RELEASE\spring-oxm-5.1.4.RELEASE.jar;C:\Users\qadrizvi\.m2\repository\org\springframework\spring-context-support\5.1.4.RELEASE\spring-context-support-5.1.4.RELEASE.jar;C:\Users\qadrizvi\.m2\repository\io\lettuce\lettuce-core\5.1.3.RELEASE\lettuce-core-5.1.3.RELEASE.jar;C:\Users\qadrizvi\.m2\repository\io\netty\netty-common\4.1.31.Final\netty-common-4.1.31.Final.jar;C:\Users\qadrizvi\.m2\repository\io\netty\netty-transport\4.1.31.Final\netty-transport-4.1.31.Final.jar;C:\Users\qadrizvi\.m2\repository\io\netty\netty-resolver\4.1.31.Final\netty-resolver-4.1.31.Final.jar;C:\Users\qadrizvi\.m2\repository\org\springframework\boot\spring-boot-starter-webflux\2.1.2.RELEASE\spring-boot-starter-webflux-2.1.2.RELEASE.jar;C:\Users\qadrizvi\.m2\repository\org\springframework\boot\spring-boot-starter-json\2.1.2.RELEASE\spring-boot-starter-json-2.1.2.RELEASE.jar;C:\Users\qadrizvi\.m2\repository\com\fasterxml\jackson\core\jackson-databind\2.9.8\jackson-databind-2.9.8.jar;C:\Users\qadrizvi\.m2\repository\com\fasterxml\jackson\core\jackson-annotations\2.9.0\jackson-annotations-2.9.0.jar;C:\Users\qadrizvi\.m2\repository\com\fasterxml\jackson\core\jackson-core\2.9.8\jackson-core-2.9.8.jar;C:\Users\qadrizvi\.m2\repository\com\fasterxml\jackson\datatype\jackson-datatype-jdk8\2.9.8\jackson-datatype-jdk8-2.9.8.jar;C:\Users\qadrizvi\.m2\repository\com\fasterxml\jackson\datatype\jackson-datatype-jsr310\2.9.8\jackson-datatype-jsr310-2.9.8.jar;C:\Users\qadrizvi\.m2\repository\com\fasterxml\jackson\module\jackson-module-parameter-names\2.9.8\jackson-module-parameter-names-2.9.8.jar;C:\Users\qadrizvi\.m2\repository\org\springframework\boot\spring-boot-starter-reactor-netty\2.1.2.RELEASE\spring-boot-starter-reactor-netty-2.1.2.RELEASE.jar;C:\Users\qadrizvi\.m2\repository\io\projectreactor\netty\reactor-netty\0.8.4.RELEASE\reactor-netty-0.8.4.RELEASE.jar;C:\Users\qadrizvi\.m2\repository\io\netty\netty-codec-http\4.1.31.Final\netty-codec-http-4.1.31.Final.jar;C:\Users\qadrizvi\.m2\repository\io\netty\netty-codec-http2\4.1.31.Final\netty-codec-http2-4.1.31.Final.jar;C:\Users\qadrizvi\.m2\repository\io\netty\netty-handler-proxy\4.1.31.Final\netty-handler-proxy-4.1.31.Final.jar;C:\Users\qadrizvi\.m2\repository\io\netty\netty-codec-socks\4.1.31.Final\netty-codec-socks-4.1.31.Final.jar;C:\Users\qadrizvi\.m2\repository\io\netty\netty-transport-native-epoll\4.1.31.Final\netty-transport-native-epoll-4.1.31.Final-linux-x86_64.jar;C:\Users\qadrizvi\.m2\repository\io\netty\netty-transport-native-unix-common\4.1.31.Final\netty-transport-native-unix-common-4.1.31.Final.jar;C:\Users\qadrizvi\.m2\repository\org\hibernate\validator\hibernate-validator\6.0.14.Final\hibernate-validator-6.0.14.Final.jar;C:\Users\qadrizvi\.m2\repository\javax\validation\validation-api\2.0.1.Final\validation-api-2.0.1.Final.jar;C:\Users\qadrizvi\.m2\repository\org\jboss\logging\jboss-logging\3.3.2.Final\jboss-logging-3.3.2.Final.jar;C:\Users\qadrizvi\.m2\repository\com\fasterxml\classmate\1.4.0\classmate-1.4.0.jar;C:\Users\qadrizvi\.m2\repository\org\springframework\spring-web\5.1.4.RELEASE\spring-web-5.1.4.RELEASE.jar;C:\Users\qadrizvi\.m2\repository\org\springframework\spring-webflux\5.1.4.RELEASE\spring-webflux-5.1.4.RELEASE.jar;C:\Users\qadrizvi\.m2\repository\org\synchronoss\cloud\nio-multipart-parser\1.1.0\nio-multipart-parser-1.1.0.jar;C:\Users\qadrizvi\.m2\repository\org\synchronoss\cloud\nio-stream-storage\1.1.3\nio-stream-storage-1.1.3.jar;C:\Users\qadrizvi\.m2\repository\org\springframework\cloud\spring-cloud-stream-reactive\2.1.0.RELEASE\spring-cloud-stream-reactive-2.1.0.RELEASE.jar;C:\Users\qadrizvi\.m2\repository\org\springframework\cloud\spring-cloud-stream\2.1.0.RELEASE\spring-cloud-stream-2.1.0.RELEASE.jar;C:\Users\qadrizvi\.m2\repository\org\springframework\boot\spring-boot-starter-validation\2.1.2.RELEASE\spring-boot-starter-validation-2.1.2.RELEASE.jar;C:\Users\qadrizvi\.m2\repository\org\apache\tomcat\embed\tomcat-embed-el\9.0.14\tomcat-embed-el-9.0.14.jar;C:\Users\qadrizvi\.m2\repository\org\springframework\spring-messaging\5.1.4.RELEASE\spring-messaging-5.1.4.RELEASE.jar;C:\Users\qadrizvi\.m2\repository\org\springframework\integration\spring-integration-core\5.1.2.RELEASE\spring-integration-core-5.1.2.RELEASE.jar;C:\Users\qadrizvi\.m2\repository\org\springframework\integration\spring-integration-jmx\5.1.2.RELEASE\spring-integration-jmx-5.1.2.RELEASE.jar;C:\Users\qadrizvi\.m2\repository\org\springframework\spring-tuple\1.0.0.RELEASE\spring-tuple-1.0.0.RELEASE.jar;C:\Users\qadrizvi\.m2\repository\com\esotericsoftware\kryo-shaded\3.0.3\kryo-shaded-3.0.3.jar;C:\Users\qadrizvi\.m2\repository\com\esotericsoftware\minlog\1.3.0\minlog-1.3.0.jar;C:\Users\qadrizvi\.m2\repository\org\springframework\integration\spring-integration-tuple\1.0.0.RELEASE\spring-integration-tuple-1.0.0.RELEASE.jar;C:\Users\qadrizvi\.m2\repository\org\springframework\retry\spring-retry\1.2.3.RELEASE\spring-retry-1.2.3.RELEASE.jar;C:\Users\qadrizvi\.m2\repository\org\springframework\cloud\spring-cloud-function-context\2.0.0.RELEASE\spring-cloud-function-context-2.0.0.RELEASE.jar;C:\Users\qadrizvi\.m2\repository\org\springframework\cloud\spring-cloud-function-core\2.0.0.RELEASE\spring-cloud-function-core-2.0.0.RELEASE.jar;C:\Users\qadrizvi\.m2\repository\org\springframework\boot\spring-boot-starter-test\2.1.2.RELEASE\spring-boot-starter-test-2.1.2.RELEASE.jar;C:\Users\qadrizvi\.m2\repository\org\springframework\boot\spring-boot-test\2.1.2.RELEASE\spring-boot-test-2.1.2.RELEASE.jar;C:\Users\qadrizvi\.m2\repository\org\springframework\boot\spring-boot-test-autoconfigure\2.1.2.RELEASE\spring-boot-test-autoconfigure-2.1.2.RELEASE.jar;C:\Users\qadrizvi\.m2\repository\com\jayway\jsonpath\json-path\2.4.0\json-path-2.4.0.jar;C:\Users\qadrizvi\.m2\repository\net\minidev\json-smart\2.3\json-smart-2.3.jar;C:\Users\qadrizvi\.m2\repository\net\minidev\accessors-smart\1.2\accessors-smart-1.2.jar;C:\Users\qadrizvi\.m2\repository\junit\junit\4.12\junit-4.12.jar;C:\Users\qadrizvi\.m2\repository\org\assertj\assertj-core\3.11.1\assertj-core-3.11.1.jar;C:\Users\qadrizvi\.m2\repository\org\mockito\mockito-core\2.23.4\mockito-core-2.23.4.jar;C:\Users\qadrizvi\.m2\repository\net\bytebuddy\byte-buddy\1.9.7\byte-buddy-1.9.7.jar;C:\Users\qadrizvi\.m2\repository\net\bytebuddy\byte-buddy-agent\1.9.7\byte-buddy-agent-1.9.7.jar;C:\Users\qadrizvi\.m2\repository\org\objenesis\objenesis\2.6\objenesis-2.6.jar;C:\Users\qadrizvi\.m2\repository\org\hamcrest\hamcrest-core\1.3\hamcrest-core-1.3.jar;C:\Users\qadrizvi\.m2\repository\org\hamcrest\hamcrest-library\1.3\hamcrest-library-1.3.jar;C:\Users\qadrizvi\.m2\repository\org\skyscreamer\jsonassert\1.5.0\jsonassert-1.5.0.jar;C:\Users\qadrizvi\.m2\repository\com\vaadin\external\google\android-json\0.0.20131108.vaadin1\android-json-0.0.20131108.vaadin1.jar;C:\Users\qadrizvi\.m2\repository\org\springframework\spring-core\5.1.4.RELEASE\spring-core-5.1.4.RELEASE.jar;C:\Users\qadrizvi\.m2\repository\org\springframework\spring-jcl\5.1.4.RELEASE\spring-jcl-5.1.4.RELEASE.jar;C:\Users\qadrizvi\.m2\repository\org\springframework\spring-test\5.1.4.RELEASE\spring-test-5.1.4.RELEASE.jar;C:\Users\qadrizvi\.m2\repository\org\xmlunit\xmlunit-core\2.6.2\xmlunit-core-2.6.2.jar;C:\Users\qadrizvi\.m2\repository\io\projectreactor\reactor-test\3.2.5.RELEASE\reactor-test-3.2.5.RELEASE.jar;C:\Users\qadrizvi\.m2\repository\org\springframework\cloud\spring-cloud-stream-test-support\2.1.0.RELEASE\spring-cloud-stream-test-support-2.1.0.RELEASE.jar;C:\Users\qadrizvi\.m2\repository\org\springframework\boot\spring-boot-autoconfigure\2.1.2.RELEASE\spring-boot-autoconfigure-2.1.2.RELEASE.jar;"/>
    <property name="java.vm.vendor" value="Oracle Corporation"/>
    <property name="sun.arch.data.model" value="64"/>
    <property name="user.variant" value=""/>
    <property name="java.vendor.url" value="http://java.oracle.com/"/>
    <property name="user.timezone" value="America/New_York"/>
    <property name="java.vm.specification.version" value="1.8"/>
    <property name="os.name" value="Windows 10"/>
    <property name="user.country" value="US"/>
    <property name="sun.java.launcher" value="SUN_STANDARD"/>
    <property name="sun.boot.library.path" value="C:\Program Files\Java\jdk1.8.0_201\jre\bin"/>
    <property name="sun.java.command" value="C:\Users\qadrizvi\AppData\Local\Temp\surefire7843819003370467124\surefirebooter3145231708432895894.jar C:\Users\qadrizvi\AppData\Local\Temp\surefire7843819003370467124 2019-01-28T15-28-56_837-jvmRun1 surefire589215513207509100tmp surefire_04841638697667187443tmp"/>
    <property name="surefire.test.class.path" value="C:\Code\SpringBoot\reactiveSpringBootDemo\target\test-classes;C:\Code\SpringBoot\reactiveSpringBootDemo\target\classes;C:\Users\qadrizvi\.m2\repository\org\springframework\boot\spring-boot-starter-data-cassandra-reactive\2.1.2.RELEASE\spring-boot-starter-data-cassandra-reactive-2.1.2.RELEASE.jar;C:\Users\qadrizvi\.m2\repository\org\springframework\boot\spring-boot-starter\2.1.2.RELEASE\spring-boot-starter-2.1.2.RELEASE.jar;C:\Users\qadrizvi\.m2\repository\org\springframework\boot\spring-boot\2.1.2.RELEASE\spring-boot-2.1.2.RELEASE.jar;C:\Users\qadrizvi\.m2\repository\org\springframework\boot\spring-boot-starter-logging\2.1.2.RELEASE\spring-boot-starter-logging-2.1.2.RELEASE.jar;C:\Users\qadrizvi\.m2\repository\ch\qos\logback\logback-classic\1.2.3\logback-classic-1.2.3.jar;C:\Users\qadrizvi\.m2\repository\ch\qos\logback\logback-core\1.2.3\logback-core-1.2.3.jar;C:\Users\qadrizvi\.m2\repository\org\apache\logging\log4j\log4j-to-slf4j\2.11.1\log4j-to-slf4j-2.11.1.jar;C:\Users\qadrizvi\.m2\repository\org\apache\logging\log4j\log4j-api\2.11.1\log4j-api-2.11.1.jar;C:\Users\qadrizvi\.m2\repository\org\slf4j\jul-to-slf4j\1.7.25\jul-to-slf4j-1.7.25.jar;C:\Users\qadrizvi\.m2\repository\javax\annotation\javax.annotation-api\1.3.2\javax.annotation-api-1.3.2.jar;C:\Users\qadrizvi\.m2\repository\org\yaml\snakeyaml\1.23\snakeyaml-1.23.jar;C:\Users\qadrizvi\.m2\repository\org\springframework\spring-tx\5.1.4.RELEASE\spring-tx-5.1.4.RELEASE.jar;C:\Users\qadrizvi\.m2\repository\org\springframework\spring-beans\5.1.4.RELEASE\spring-beans-5.1.4.RELEASE.jar;C:\Users\qadrizvi\.m2\repository\org\springframework\data\spring-data-cassandra\2.1.4.RELEASE\spring-data-cassandra-2.1.4.RELEASE.jar;C:\Users\qadrizvi\.m2\repository\org\springframework\spring-context\5.1.4.RELEASE\spring-context-5.1.4.RELEASE.jar;C:\Users\qadrizvi\.m2\repository\org\springframework\spring-aop\5.1.4.RELEASE\spring-aop-5.1.4.RELEASE.jar;C:\Users\qadrizvi\.m2\repository\org\springframework\spring-expression\5.1.4.RELEASE\spring-expression-5.1.4.RELEASE.jar;C:\Users\qadrizvi\.m2\repository\org\springframework\data\spring-data-commons\2.1.4.RELEASE\spring-data-commons-2.1.4.RELEASE.jar;C:\Users\qadrizvi\.m2\repository\com\datastax\cassandra\cassandra-driver-core\3.6.0\cassandra-driver-core-3.6.0.jar;C:\Users\qadrizvi\.m2\repository\io\netty\netty-handler\4.1.31.Final\netty-handler-4.1.31.Final.jar;C:\Users\qadrizvi\.m2\repository\io\netty\netty-buffer\4.1.31.Final\netty-buffer-4.1.31.Final.jar;C:\Users\qadrizvi\.m2\repository\io\netty\netty-codec\4.1.31.Final\netty-codec-4.1.31.Final.jar;C:\Users\qadrizvi\.m2\repository\com\google\guava\guava\19.0\guava-19.0.jar;C:\Users\qadrizvi\.m2\repository\io\dropwizard\metrics\metrics-core\4.0.5\metrics-core-4.0.5.jar;C:\Users\qadrizvi\.m2\repository\com\github\jnr\jnr-ffi\2.1.7\jnr-ffi-2.1.7.jar;C:\Users\qadrizvi\.m2\repository\com\github\jnr\jffi\1.2.16\jffi-1.2.16.jar;C:\Users\qadrizvi\.m2\repository\com\github\jnr\jffi\1.2.16\jffi-1.2.16-native.jar;C:\Users\qadrizvi\.m2\repository\org\ow2\asm\asm\5.0.3\asm-5.0.3.jar;C:\Users\qadrizvi\.m2\repository\org\ow2\asm\asm-commons\5.0.3\asm-commons-5.0.3.jar;C:\Users\qadrizvi\.m2\repository\org\ow2\asm\asm-analysis\5.0.3\asm-analysis-5.0.3.jar;C:\Users\qadrizvi\.m2\repository\org\ow2\asm\asm-tree\5.0.3\asm-tree-5.0.3.jar;C:\Users\qadrizvi\.m2\repository\org\ow2\asm\asm-util\5.0.3\asm-util-5.0.3.jar;C:\Users\qadrizvi\.m2\repository\com\github\jnr\jnr-x86asm\1.0.2\jnr-x86asm-1.0.2.jar;C:\Users\qadrizvi\.m2\repository\com\github\jnr\jnr-posix\3.0.44\jnr-posix-3.0.44.jar;C:\Users\qadrizvi\.m2\repository\com\github\jnr\jnr-constants\0.9.9\jnr-constants-0.9.9.jar;C:\Users\qadrizvi\.m2\repository\org\slf4j\slf4j-api\1.7.25\slf4j-api-1.7.25.jar;C:\Users\qadrizvi\.m2\repository\io\projectreactor\reactor-core\3.2.5.RELEASE\reactor-core-3.2.5.RELEASE.jar;C:\Users\qadrizvi\.m2\repository\org\reactivestreams\reactive-streams\1.0.2\reactive-streams-1.0.2.jar;C:\Users\qadrizvi\.m2\repository\org\springframework\boot\spring-boot-starter-data-redis-reactive\2.1.2.RELEASE\spring-boot-starter-data-redis-reactive-2.1.2.RELEASE.jar;C:\Users\qadrizvi\.m2\repository\org\springframework\boot\spring-boot-starter-data-redis\2.1.2.RELEASE\spring-boot-starter-data-redis-2.1.2.RELEASE.jar;C:\Users\qadrizvi\.m2\repository\org\springframework\data\spring-data-redis\2.1.4.RELEASE\spring-data-redis-2.1.4.RELEASE.jar;C:\Users\qadrizvi\.m2\repository\org\springframework\data\spring-data-keyvalue\2.1.4.RELEASE\spring-data-keyvalue-2.1.4.RELEASE.jar;C:\Users\qadrizvi\.m2\repository\org\springframework\spring-oxm\5.1.4.RELEASE\spring-oxm-5.1.4.RELEASE.jar;C:\Users\qadrizvi\.m2\repository\org\springframework\spring-context-support\5.1.4.RELEASE\spring-context-support-5.1.4.RELEASE.jar;C:\Users\qadrizvi\.m2\repository\io\lettuce\lettuce-core\5.1.3.RELEASE\lettuce-core-5.1.3.RELEASE.jar;C:\Users\qadrizvi\.m2\repository\io\netty\netty-common\4.1.31.Final\netty-common-4.1.31.Final.jar;C:\Users\qadrizvi\.m2\repository\io\netty\netty-transport\4.1.31.Final\netty-transport-4.1.31.Final.jar;C:\Users\qadrizvi\.m2\repository\io\netty\netty-resolver\4.1.31.Final\netty-resolver-4.1.31.Final.jar;C:\Users\qadrizvi\.m2\repository\org\springframework\boot\spring-boot-starter-webflux\2.1.2.RELEASE\spring-boot-starter-webflux-2.1.2.RELEASE.jar;C:\Users\qadrizvi\.m2\repository\org\springframework\boot\spring-boot-starter-json\2.1.2.RELEASE\spring-boot-starter-json-2.1.2.RELEASE.jar;C:\Users\qadrizvi\.m2\repository\com\fasterxml\jackson\core\jackson-databind\2.9.8\jackson-databind-2.9.8.jar;C:\Users\qadrizvi\.m2\repository\com\fasterxml\jackson\core\jackson-annotations\2.9.0\jackson-annotations-2.9.0.jar;C:\Users\qadrizvi\.m2\repository\com\fasterxml\jackson\core\jackson-core\2.9.8\jackson-core-2.9.8.jar;C:\Users\qadrizvi\.m2\repository\com\fasterxml\jackson\datatype\jackson-datatype-jdk8\2.9.8\jackson-datatype-jdk8-2.9.8.jar;C:\Users\qadrizvi\.m2\repository\com\fasterxml\jackson\datatype\jackson-datatype-jsr310\2.9.8\jackson-datatype-jsr310-2.9.8.jar;C:\Users\qadrizvi\.m2\repository\com\fasterxml\jackson\module\jackson-module-parameter-names\2.9.8\jackson-module-parameter-names-2.9.8.jar;C:\Users\qadrizvi\.m2\repository\org\springframework\boot\spring-boot-starter-reactor-netty\2.1.2.RELEASE\spring-boot-starter-reactor-netty-2.1.2.RELEASE.jar;C:\Users\qadrizvi\.m2\repository\io\projectreactor\netty\reactor-netty\0.8.4.RELEASE\reactor-netty-0.8.4.RELEASE.jar;C:\Users\qadrizvi\.m2\repository\io\netty\netty-codec-http\4.1.31.Final\netty-codec-http-4.1.31.Final.jar;C:\Users\qadrizvi\.m2\repository\io\netty\netty-codec-http2\4.1.31.Final\netty-codec-http2-4.1.31.Final.jar;C:\Users\qadrizvi\.m2\repository\io\netty\netty-handler-proxy\4.1.31.Final\netty-handler-proxy-4.1.31.Final.jar;C:\Users\qadrizvi\.m2\repository\io\netty\netty-codec-socks\4.1.31.Final\netty-codec-socks-4.1.31.Final.jar;C:\Users\qadrizvi\.m2\repository\io\netty\netty-transport-native-epoll\4.1.31.Final\netty-transport-native-epoll-4.1.31.Final-linux-x86_64.jar;C:\Users\qadrizvi\.m2\repository\io\netty\netty-transport-native-unix-common\4.1.31.Final\netty-transport-native-unix-common-4.1.31.Final.jar;C:\Users\qadrizvi\.m2\repository\org\hibernate\validator\hibernate-validator\6.0.14.Final\hibernate-validator-6.0.14.Final.jar;C:\Users\qadrizvi\.m2\repository\javax\validation\validation-api\2.0.1.Final\validation-api-2.0.1.Final.jar;C:\Users\qadrizvi\.m2\repository\org\jboss\logging\jboss-logging\3.3.2.Final\jboss-logging-3.3.2.Final.jar;C:\Users\qadrizvi\.m2\repository\com\fasterxml\classmate\1.4.0\classmate-1.4.0.jar;C:\Users\qadrizvi\.m2\repository\org\springframework\spring-web\5.1.4.RELEASE\spring-web-5.1.4.RELEASE.jar;C:\Users\qadrizvi\.m2\repository\org\springframework\spring-webflux\5.1.4.RELEASE\spring-webflux-5.1.4.RELEASE.jar;C:\Users\qadrizvi\.m2\repository\org\synchronoss\cloud\nio-multipart-parser\1.1.0\nio-multipart-parser-1.1.0.jar;C:\Users\qadrizvi\.m2\repository\org\synchronoss\cloud\nio-stream-storage\1.1.3\nio-stream-storage-1.1.3.jar;C:\Users\qadrizvi\.m2\repository\org\springframework\cloud\spring-cloud-stream-reactive\2.1.0.RELEASE\spring-cloud-stream-reactive-2.1.0.RELEASE.jar;C:\Users\qadrizvi\.m2\repository\org\springframework\cloud\spring-cloud-stream\2.1.0.RELEASE\spring-cloud-stream-2.1.0.RELEASE.jar;C:\Users\qadrizvi\.m2\repository\org\springframework\boot\spring-boot-starter-validation\2.1.2.RELEASE\spring-boot-starter-validation-2.1.2.RELEASE.jar;C:\Users\qadrizvi\.m2\repository\org\apache\tomcat\embed\tomcat-embed-el\9.0.14\tomcat-embed-el-9.0.14.jar;C:\Users\qadrizvi\.m2\repository\org\springframework\spring-messaging\5.1.4.RELEASE\spring-messaging-5.1.4.RELEASE.jar;C:\Users\qadrizvi\.m2\repository\org\springframework\integration\spring-integration-core\5.1.2.RELEASE\spring-integration-core-5.1.2.RELEASE.jar;C:\Users\qadrizvi\.m2\repository\org\springframework\integration\spring-integration-jmx\5.1.2.RELEASE\spring-integration-jmx-5.1.2.RELEASE.jar;C:\Users\qadrizvi\.m2\repository\org\springframework\spring-tuple\1.0.0.RELEASE\spring-tuple-1.0.0.RELEASE.jar;C:\Users\qadrizvi\.m2\repository\com\esotericsoftware\kryo-shaded\3.0.3\kryo-shaded-3.0.3.jar;C:\Users\qadrizvi\.m2\repository\com\esotericsoftware\minlog\1.3.0\minlog-1.3.0.jar;C:\Users\qadrizvi\.m2\repository\org\springframework\integration\spring-integration-tuple\1.0.0.RELEASE\spring-integration-tuple-1.0.0.RELEASE.jar;C:\Users\qadrizvi\.m2\repository\org\springframework\retry\spring-retry\1.2.3.RELEASE\spring-retry-1.2.3.RELEASE.jar;C:\Users\qadrizvi\.m2\repository\org\springframework\cloud\spring-cloud-function-context\2.0.0.RELEASE\spring-cloud-function-context-2.0.0.RELEASE.jar;C:\Users\qadrizvi\.m2\repository\org\springframework\cloud\spring-cloud-function-core\2.0.0.RELEASE\spring-cloud-function-core-2.0.0.RELEASE.jar;C:\Users\qadrizvi\.m2\repository\org\springframework\boot\spring-boot-starter-test\2.1.2.RELEASE\spring-boot-starter-test-2.1.2.RELEASE.jar;C:\Users\qadrizvi\.m2\repository\org\springframework\boot\spring-boot-test\2.1.2.RELEASE\spring-boot-test-2.1.2.RELEASE.jar;C:\Users\qadrizvi\.m2\repository\org\springframework\boot\spring-boot-test-autoconfigure\2.1.2.RELEASE\spring-boot-test-autoconfigure-2.1.2.RELEASE.jar;C:\Users\qadrizvi\.m2\repository\com\jayway\jsonpath\json-path\2.4.0\json-path-2.4.0.jar;C:\Users\qadrizvi\.m2\repository\net\minidev\json-smart\2.3\json-smart-2.3.jar;C:\Users\qadrizvi\.m2\repository\net\minidev\accessors-smart\1.2\accessors-smart-1.2.jar;C:\Users\qadrizvi\.m2\repository\junit\junit\4.12\junit-4.12.jar;C:\Users\qadrizvi\.m2\repository\org\assertj\assertj-core\3.11.1\assertj-core-3.11.1.jar;C:\Users\qadrizvi\.m2\repository\org\mockito\mockito-core\2.23.4\mockito-core-2.23.4.jar;C:\Users\qadrizvi\.m2\repository\net\bytebuddy\byte-buddy\1.9.7\byte-buddy-1.9.7.jar;C:\Users\qadrizvi\.m2\repository\net\bytebuddy\byte-buddy-agent\1.9.7\byte-buddy-agent-1.9.7.jar;C:\Users\qadrizvi\.m2\repository\org\objenesis\objenesis\2.6\objenesis-2.6.jar;C:\Users\qadrizvi\.m2\repository\org\hamcrest\hamcrest-core\1.3\hamcrest-core-1.3.jar;C:\Users\qadrizvi\.m2\repository\org\hamcrest\hamcrest-library\1.3\hamcrest-library-1.3.jar;C:\Users\qadrizvi\.m2\repository\org\skyscreamer\jsonassert\1.5.0\jsonassert-1.5.0.jar;C:\Users\qadrizvi\.m2\repository\com\vaadin\external\google\android-json\0.0.20131108.vaadin1\android-json-0.0.20131108.vaadin1.jar;C:\Users\qadrizvi\.m2\repository\org\springframework\spring-core\5.1.4.RELEASE\spring-core-5.1.4.RELEASE.jar;C:\Users\qadrizvi\.m2\repository\org\springframework\spring-jcl\5.1.4.RELEASE\spring-jcl-5.1.4.RELEASE.jar;C:\Users\qadrizvi\.m2\repository\org\springframework\spring-test\5.1.4.RELEASE\spring-test-5.1.4.RELEASE.jar;C:\Users\qadrizvi\.m2\repository\org\xmlunit\xmlunit-core\2.6.2\xmlunit-core-2.6.2.jar;C:\Users\qadrizvi\.m2\repository\io\projectreactor\reactor-test\3.2.5.RELEASE\reactor-test-3.2.5.RELEASE.jar;C:\Users\qadrizvi\.m2\repository\org\springframework\cloud\spring-cloud-stream-test-support\2.1.0.RELEASE\spring-cloud-stream-test-support-2.1.0.RELEASE.jar;C:\Users\qadrizvi\.m2\repository\org\springframework\boot\spring-boot-autoconfigure\2.1.2.RELEASE\spring-boot-autoconfigure-2.1.2.RELEASE.jar;"/>
    <property name="sun.cpu.endian" value="little"/>
    <property name="user.home" value="C:\Users\qadrizvi"/>
    <property name="user.language" value="en"/>
    <property name="java.specification.vendor" value="Oracle Corporation"/>
    <property name="java.home" value="C:\Program Files\Java\jdk1.8.0_201\jre"/>
    <property name="basedir" value="C:\Code\SpringBoot\reactiveSpringBootDemo"/>
    <property name="file.separator" value="\"/>
    <property name="line.separator" value="&#10;"/>
    <property name="java.vm.specification.vendor" value="Oracle Corporation"/>
    <property name="java.specification.name" value="Java Platform API Specification"/>
    <property name="java.awt.graphicsenv" value="sun.awt.Win32GraphicsEnvironment"/>
    <property name="surefire.real.class.path" value="C:\Users\qadrizvi\AppData\Local\Temp\surefire7843819003370467124\surefirebooter3145231708432895894.jar"/>
    <property name="sun.boot.class.path" value="C:\Program Files\Java\jdk1.8.0_201\jre\lib\resources.jar;C:\Program Files\Java\jdk1.8.0_201\jre\lib\rt.jar;C:\Program Files\Java\jdk1.8.0_201\jre\lib\sunrsasign.jar;C:\Program Files\Java\jdk1.8.0_201\jre\lib\jsse.jar;C:\Program Files\Java\jdk1.8.0_201\jre\lib\jce.jar;C:\Program Files\Java\jdk1.8.0_201\jre\lib\charsets.jar;C:\Program Files\Java\jdk1.8.0_201\jre\lib\jfr.jar;C:\Program Files\Java\jdk1.8.0_201\jre\classes"/>
    <property name="user.script" value=""/>
    <property name="sun.management.compiler" value="HotSpot 64-Bit Tiered Compilers"/>
    <property name="java.runtime.version" value="1.8.0_201-b09"/>
    <property name="user.name" value="qadrizvi"/>
    <property name="path.separator" value=";"/>
    <property name="os.version" value="10.0"/>
    <property name="java.endorsed.dirs" value="C:\Program Files\Java\jdk1.8.0_201\jre\lib\endorsed"/>
    <property name="java.runtime.name" value="Java(TM) SE Runtime Environment"/>
    <property name="file.encoding" value="Cp1252"/>
    <property name="java.vm.name" value="Java HotSpot(TM) 64-Bit Server VM"/>
    <property name="localRepository" value="C:\Users\qadrizvi\.m2\repository"/>
    <property name="java.vendor.url.bug" value="http://bugreport.sun.com/bugreport/"/>
    <property name="java.io.tmpdir" value="C:\Users\qadrizvi\AppData\Local\Temp\"/>
    <property name="java.version" value="1.8.0_201"/>
    <property name="user.dir" value="C:\Code\SpringBoot\reactiveSpringBootDemo"/>
    <property name="os.arch" value="amd64"/>
    <property name="java.vm.specification.name" value="Java Virtual Machine Specification"/>
    <property name="java.awt.printerjob" value="sun.awt.windows.WPrinterJob"/>
    <property name="sun.os.patch.level" value=""/>
    <property name="java.library.path" value="C:\Program Files\Java\jdk1.8.0_201\jre\bin;C:\WINDOWS\Sun\Java\bin;C:\WINDOWS\system32;C:\WINDOWS;C:\ProgramData\DockerDesktop\version-bin;C:\Program Files\Docker\Docker\Resources\bin;C:\Program Files (x86)\Common Files\Oracle\Java\javapath;C:\WINDOWS\system32;C:\WINDOWS;C:\WINDOWS\System32\Wbem;C:\WINDOWS\System32\WindowsPowerShell\v1.0\;C:\WINDOWS\System32\OpenSSH\;C:\Program Files (x86)\Box\Box Edit\;C:\Program Files\Intel\WiFi\bin\;C:\Program Files\Common Files\Intel\WirelessCommon\;C:\Program Files\Java\jdk1.8.0_201;C:\Software\maven\apache-maven-3.6.0\bin;C:\Program Files\Git\cmd;C:\Software\sbt1.2.8\sbt\bin;C:\Software\SpringCLI\spring-2.1.2.RELEASE\bin;C:\Python27;C:\Users\qadrizvi\AppData\Local\Microsoft\WindowsApps;;C:\Program Files\JetBrains\IntelliJ IDEA Community Edition 2018.3.3\bin;;."/>
    <property name="java.vm.info" value="mixed mode"/>
    <property name="java.vendor" value="Oracle Corporation"/>
    <property name="java.vm.version" value="25.201-b09"/>
    <property name="java.ext.dirs" value="C:\Program Files\Java\jdk1.8.0_201\jre\lib\ext;C:\WINDOWS\Sun\Java\lib\ext"/>
    <property name="sun.io.unicode.encoding" value="UnicodeLittle"/>
    <property name="java.class.version" value="52.0"/>
  </properties>
  <testcase name="contextLoads" classname="com.example.boot.reactive.reactiveSpringBootDemo.ReactiveSpringBootDemoApplicationTests" time="0.569"/>
</testsuite>